{"/Users/leahputlek/Techtonica/assignments/ai-blog-app/client/src/App.jsx": {"path":"/Users/leahputlek/Techtonica/assignments/ai-blog-app/client/src/App.jsx","statementMap":{"0":{"start":{"line":18,"column":34},"end":{"line":18,"column":48}},"1":{"start":{"line":19,"column":40},"end":{"line":19,"column":52}},"2":{"start":{"line":20,"column":28},"end":{"line":20,"column":40}},"3":{"start":{"line":21,"column":40},"end":{"line":21,"column":55}},"4":{"start":{"line":22,"column":36},"end":{"line":22,"column":50}},"5":{"start":{"line":23,"column":46},"end":{"line":23,"column":61}},"6":{"start":{"line":24,"column":32},"end":{"line":24,"column":46}},"7":{"start":{"line":25,"column":38},"end":{"line":25,"column":52}},"8":{"start":{"line":26,"column":38},"end":{"line":26,"column":50}},"9":{"start":{"line":28,"column":25},"end":{"line":35,"column":3}},"10":{"start":{"line":29,"column":4},"end":{"line":29,"column":25}},"11":{"start":{"line":30,"column":4},"end":{"line":30,"column":28}},"12":{"start":{"line":32,"column":4},"end":{"line":34,"column":5}},"13":{"start":{"line":33,"column":6},"end":{"line":33,"column":36}},"14":{"start":{"line":36,"column":27},"end":{"line":38,"column":3}},"15":{"start":{"line":37,"column":4},"end":{"line":37,"column":34}},"16":{"start":{"line":39,"column":28},"end":{"line":42,"column":3}},"17":{"start":{"line":40,"column":4},"end":{"line":40,"column":22}},"18":{"start":{"line":41,"column":4},"end":{"line":41,"column":24}},"19":{"start":{"line":43,"column":21},"end":{"line":65,"column":3}},"20":{"start":{"line":44,"column":4},"end":{"line":64,"column":5}},"21":{"start":{"line":45,"column":18},"end":{"line":45,"column":56}},"22":{"start":{"line":46,"column":18},"end":{"line":46,"column":34}},"23":{"start":{"line":48,"column":6},"end":{"line":48,"column":60}},"24":{"start":{"line":48,"column":19},"end":{"line":48,"column":60}},"25":{"start":{"line":50,"column":19},"end":{"line":50,"column":35}},"26":{"start":{"line":51,"column":6},"end":{"line":51,"column":43}},"27":{"start":{"line":53,"column":6},"end":{"line":59,"column":7}},"28":{"start":{"line":54,"column":8},"end":{"line":54,"column":29}},"29":{"start":{"line":55,"column":8},"end":{"line":55,"column":29}},"30":{"start":{"line":56,"column":8},"end":{"line":56,"column":20}},"31":{"start":{"line":58,"column":8},"end":{"line":58,"column":23}},"32":{"start":{"line":61,"column":6},"end":{"line":61,"column":52}},"33":{"start":{"line":62,"column":6},"end":{"line":62,"column":27}},"34":{"start":{"line":63,"column":6},"end":{"line":63,"column":16}},"35":{"start":{"line":66,"column":23},"end":{"line":81,"column":3}},"36":{"start":{"line":67,"column":4},"end":{"line":80,"column":5}},"37":{"start":{"line":68,"column":18},"end":{"line":68,"column":57}},"38":{"start":{"line":70,"column":6},"end":{"line":70,"column":62}},"39":{"start":{"line":70,"column":19},"end":{"line":70,"column":62}},"40":{"start":{"line":72,"column":19},"end":{"line":72,"column":35}},"41":{"start":{"line":73,"column":6},"end":{"line":73,"column":42}},"42":{"start":{"line":75,"column":6},"end":{"line":75,"column":23}},"43":{"start":{"line":77,"column":6},"end":{"line":77,"column":55}},"44":{"start":{"line":78,"column":6},"end":{"line":78,"column":27}},"45":{"start":{"line":79,"column":6},"end":{"line":79,"column":16}},"46":{"start":{"line":82,"column":26},"end":{"line":97,"column":3}},"47":{"start":{"line":83,"column":4},"end":{"line":96,"column":5}},"48":{"start":{"line":84,"column":18},"end":{"line":84,"column":60}},"49":{"start":{"line":86,"column":6},"end":{"line":86,"column":66}},"50":{"start":{"line":86,"column":19},"end":{"line":86,"column":66}},"51":{"start":{"line":88,"column":19},"end":{"line":88,"column":35}},"52":{"start":{"line":89,"column":6},"end":{"line":89,"column":42}},"53":{"start":{"line":91,"column":6},"end":{"line":91,"column":26}},"54":{"start":{"line":93,"column":6},"end":{"line":93,"column":55}},"55":{"start":{"line":94,"column":6},"end":{"line":94,"column":27}},"56":{"start":{"line":95,"column":6},"end":{"line":95,"column":16}},"57":{"start":{"line":98,"column":30},"end":{"line":123,"column":3}},"58":{"start":{"line":100,"column":4},"end":{"line":103,"column":5}},"59":{"start":{"line":101,"column":6},"end":{"line":101,"column":59}},"60":{"start":{"line":102,"column":6},"end":{"line":102,"column":13}},"61":{"start":{"line":104,"column":4},"end":{"line":122,"column":5}},"62":{"start":{"line":105,"column":18},"end":{"line":111,"column":8}},"63":{"start":{"line":113,"column":6},"end":{"line":113,"column":63}},"64":{"start":{"line":113,"column":19},"end":{"line":113,"column":63}},"65":{"start":{"line":115,"column":19},"end":{"line":115,"column":35}},"66":{"start":{"line":116,"column":6},"end":{"line":116,"column":50}},"67":{"start":{"line":119,"column":6},"end":{"line":119,"column":65}},"68":{"start":{"line":120,"column":6},"end":{"line":120,"column":27}},"69":{"start":{"line":121,"column":6},"end":{"line":121,"column":16}},"70":{"start":{"line":124,"column":24},"end":{"line":144,"column":3}},"71":{"start":{"line":126,"column":4},"end":{"line":126,"column":45}},"72":{"start":{"line":128,"column":4},"end":{"line":143,"column":5}},"73":{"start":{"line":129,"column":6},"end":{"line":133,"column":9}},"74":{"start":{"line":134,"column":23},"end":{"line":134,"column":44}},"75":{"start":{"line":135,"column":19},"end":{"line":135,"column":40}},"76":{"start":{"line":136,"column":6},"end":{"line":136,"column":21}},"77":{"start":{"line":137,"column":6},"end":{"line":139,"column":7}},"78":{"start":{"line":138,"column":8},"end":{"line":138,"column":66}},"79":{"start":{"line":141,"column":6},"end":{"line":141,"column":52}},"80":{"start":{"line":142,"column":6},"end":{"line":142,"column":27}},"81":{"start":{"line":145,"column":21},"end":{"line":162,"column":3}},"82":{"start":{"line":146,"column":4},"end":{"line":146,"column":53}},"83":{"start":{"line":147,"column":4},"end":{"line":161,"column":5}},"84":{"start":{"line":148,"column":18},"end":{"line":148,"column":36}},"85":{"start":{"line":149,"column":6},"end":{"line":149,"column":45}},"86":{"start":{"line":151,"column":23},"end":{"line":151,"column":44}},"87":{"start":{"line":152,"column":19},"end":{"line":152,"column":40}},"88":{"start":{"line":153,"column":6},"end":{"line":153,"column":21}},"89":{"start":{"line":154,"column":6},"end":{"line":156,"column":7}},"90":{"start":{"line":155,"column":8},"end":{"line":155,"column":48}},"91":{"start":{"line":157,"column":6},"end":{"line":157,"column":59}},"92":{"start":{"line":159,"column":6},"end":{"line":159,"column":25}},"93":{"start":{"line":160,"column":6},"end":{"line":160,"column":27}},"94":{"start":{"line":163,"column":2},"end":{"line":165,"column":9}},"95":{"start":{"line":164,"column":4},"end":{"line":164,"column":17}},"96":{"start":{"line":167,"column":2},"end":{"line":207,"column":4}}},"fnMap":{"0":{"name":"App","decl":{"start":{"line":17,"column":16},"end":{"line":17,"column":19}},"loc":{"start":{"line":17,"column":22},"end":{"line":208,"column":1}},"line":17},"1":{"name":"(anonymous_1)","decl":{"start":{"line":28,"column":25},"end":{"line":28,"column":26}},"loc":{"start":{"line":28,"column":37},"end":{"line":35,"column":3}},"line":28},"2":{"name":"(anonymous_2)","decl":{"start":{"line":36,"column":27},"end":{"line":36,"column":28}},"loc":{"start":{"line":36,"column":33},"end":{"line":38,"column":3}},"line":36},"3":{"name":"(anonymous_3)","decl":{"start":{"line":39,"column":28},"end":{"line":39,"column":29}},"loc":{"start":{"line":39,"column":34},"end":{"line":42,"column":3}},"line":39},"4":{"name":"(anonymous_4)","decl":{"start":{"line":43,"column":21},"end":{"line":43,"column":22}},"loc":{"start":{"line":43,"column":39},"end":{"line":65,"column":3}},"line":43},"5":{"name":"(anonymous_5)","decl":{"start":{"line":66,"column":23},"end":{"line":66,"column":24}},"loc":{"start":{"line":66,"column":41},"end":{"line":81,"column":3}},"line":66},"6":{"name":"(anonymous_6)","decl":{"start":{"line":82,"column":26},"end":{"line":82,"column":27}},"loc":{"start":{"line":82,"column":48},"end":{"line":97,"column":3}},"line":82},"7":{"name":"(anonymous_7)","decl":{"start":{"line":98,"column":30},"end":{"line":98,"column":31}},"loc":{"start":{"line":98,"column":50},"end":{"line":123,"column":3}},"line":98},"8":{"name":"(anonymous_8)","decl":{"start":{"line":124,"column":24},"end":{"line":124,"column":25}},"loc":{"start":{"line":124,"column":44},"end":{"line":144,"column":3}},"line":124},"9":{"name":"(anonymous_9)","decl":{"start":{"line":145,"column":21},"end":{"line":145,"column":22}},"loc":{"start":{"line":145,"column":39},"end":{"line":162,"column":3}},"line":145},"10":{"name":"(anonymous_10)","decl":{"start":{"line":163,"column":12},"end":{"line":163,"column":13}},"loc":{"start":{"line":163,"column":18},"end":{"line":165,"column":3}},"line":163}},"branchMap":{"0":{"loc":{"start":{"line":32,"column":4},"end":{"line":34,"column":5}},"type":"if","locations":[{"start":{"line":32,"column":4},"end":{"line":34,"column":5}},{"start":{},"end":{}}],"line":32},"1":{"loc":{"start":{"line":32,"column":8},"end":{"line":32,"column":40}},"type":"binary-expr","locations":[{"start":{"line":32,"column":8},"end":{"line":32,"column":16}},{"start":{"line":32,"column":20},"end":{"line":32,"column":40}}],"line":32},"2":{"loc":{"start":{"line":45,"column":18},"end":{"line":45,"column":56}},"type":"cond-expr","locations":[{"start":{"line":45,"column":27},"end":{"line":45,"column":45}},{"start":{"line":45,"column":48},"end":{"line":45,"column":56}}],"line":45},"3":{"loc":{"start":{"line":48,"column":6},"end":{"line":48,"column":60}},"type":"if","locations":[{"start":{"line":48,"column":6},"end":{"line":48,"column":60}},{"start":{},"end":{}}],"line":48},"4":{"loc":{"start":{"line":53,"column":6},"end":{"line":59,"column":7}},"type":"if","locations":[{"start":{"line":53,"column":6},"end":{"line":59,"column":7}},{"start":{"line":57,"column":13},"end":{"line":59,"column":7}}],"line":53},"5":{"loc":{"start":{"line":70,"column":6},"end":{"line":70,"column":62}},"type":"if","locations":[{"start":{"line":70,"column":6},"end":{"line":70,"column":62}},{"start":{},"end":{}}],"line":70},"6":{"loc":{"start":{"line":86,"column":6},"end":{"line":86,"column":66}},"type":"if","locations":[{"start":{"line":86,"column":6},"end":{"line":86,"column":66}},{"start":{},"end":{}}],"line":86},"7":{"loc":{"start":{"line":100,"column":4},"end":{"line":103,"column":5}},"type":"if","locations":[{"start":{"line":100,"column":4},"end":{"line":103,"column":5}},{"start":{},"end":{}}],"line":100},"8":{"loc":{"start":{"line":113,"column":6},"end":{"line":113,"column":63}},"type":"if","locations":[{"start":{"line":113,"column":6},"end":{"line":113,"column":63}},{"start":{},"end":{}}],"line":113},"9":{"loc":{"start":{"line":137,"column":6},"end":{"line":139,"column":7}},"type":"if","locations":[{"start":{"line":137,"column":6},"end":{"line":139,"column":7}},{"start":{},"end":{}}],"line":137},"10":{"loc":{"start":{"line":154,"column":6},"end":{"line":156,"column":7}},"type":"if","locations":[{"start":{"line":154,"column":6},"end":{"line":156,"column":7}},{"start":{},"end":{}}],"line":154}},"s":{"0":0,"1":0,"2":0,"3":0,"4":0,"5":0,"6":0,"7":0,"8":0,"9":0,"10":0,"11":0,"12":0,"13":0,"14":0,"15":0,"16":0,"17":0,"18":0,"19":0,"20":0,"21":0,"22":0,"23":0,"24":0,"25":0,"26":0,"27":0,"28":0,"29":0,"30":0,"31":0,"32":0,"33":0,"34":0,"35":0,"36":0,"37":0,"38":0,"39":0,"40":0,"41":0,"42":0,"43":0,"44":0,"45":0,"46":0,"47":0,"48":0,"49":0,"50":0,"51":0,"52":0,"53":0,"54":0,"55":0,"56":0,"57":0,"58":0,"59":0,"60":0,"61":0,"62":0,"63":0,"64":0,"65":0,"66":0,"67":0,"68":0,"69":0,"70":0,"71":0,"72":0,"73":0,"74":0,"75":0,"76":0,"77":0,"78":0,"79":0,"80":0,"81":0,"82":0,"83":0,"84":0,"85":0,"86":0,"87":0,"88":0,"89":0,"90":0,"91":0,"92":0,"93":0,"94":0,"95":0,"96":0},"f":{"0":0,"1":0,"2":0,"3":0,"4":0,"5":0,"6":0,"7":0,"8":0,"9":0,"10":0},"b":{"0":[0,0],"1":[0,0],"2":[0,0],"3":[0,0],"4":[0,0],"5":[0,0],"6":[0,0],"7":[0,0],"8":[0,0],"9":[0,0],"10":[0,0]}}
,"/Users/leahputlek/Techtonica/assignments/ai-blog-app/client/src/main.jsx": {"path":"/Users/leahputlek/Techtonica/assignments/ai-blog-app/client/src/main.jsx","statementMap":{"0":{"start":{"line":7,"column":0},"end":{"line":13,"column":2}}},"fnMap":{},"branchMap":{},"s":{"0":0},"f":{},"b":{}}
,"/Users/leahputlek/Techtonica/assignments/ai-blog-app/client/src/components/CreateNewPost.jsx": {"path":"/Users/leahputlek/Techtonica/assignments/ai-blog-app/client/src/components/CreateNewPost.jsx","statementMap":{"0":{"start":{"line":5,"column":21},"end":{"line":11,"column":1}},"1":{"start":{"line":14,"column":2},"end":{"line":26,"column":3}},"2":{"start":{"line":16,"column":6},"end":{"line":19,"column":8}},"3":{"start":{"line":22,"column":6},"end":{"line":22,"column":33}},"4":{"start":{"line":25,"column":6},"end":{"line":25,"column":45}},"5":{"start":{"line":30,"column":19},"end":{"line":30,"column":32}},"6":{"start":{"line":32,"column":36},"end":{"line":32,"column":73}},"7":{"start":{"line":33,"column":18},"end":{"line":33,"column":30}},"8":{"start":{"line":35,"column":19},"end":{"line":50,"column":3}},"9":{"start":{"line":36,"column":4},"end":{"line":36,"column":23}},"10":{"start":{"line":38,"column":4},"end":{"line":41,"column":5}},"11":{"start":{"line":39,"column":6},"end":{"line":39,"column":51}},"12":{"start":{"line":40,"column":6},"end":{"line":40,"column":13}},"13":{"start":{"line":43,"column":4},"end":{"line":43,"column":29}},"14":{"start":{"line":44,"column":4},"end":{"line":46,"column":7}},"15":{"start":{"line":47,"column":4},"end":{"line":47,"column":28}},"16":{"start":{"line":49,"column":4},"end":{"line":49,"column":23}},"17":{"start":{"line":53,"column":4},"end":{"line":56,"column":7}},"18":{"start":{"line":59,"column":2},"end":{"line":80,"column":4}}},"fnMap":{"0":{"name":"formReducer","decl":{"start":{"line":13,"column":9},"end":{"line":13,"column":20}},"loc":{"start":{"line":13,"column":36},"end":{"line":27,"column":1}},"line":13},"1":{"name":"CreateNewPost","decl":{"start":{"line":29,"column":9},"end":{"line":29,"column":22}},"loc":{"start":{"line":29,"column":42},"end":{"line":81,"column":1}},"line":29},"2":{"name":"(anonymous_2)","decl":{"start":{"line":35,"column":19},"end":{"line":35,"column":20}},"loc":{"start":{"line":35,"column":26},"end":{"line":50,"column":3}},"line":35},"3":{"name":"formChange","decl":{"start":{"line":52,"column":11},"end":{"line":52,"column":21}},"loc":{"start":{"line":52,"column":25},"end":{"line":57,"column":3}},"line":52}},"branchMap":{"0":{"loc":{"start":{"line":14,"column":2},"end":{"line":26,"column":3}},"type":"switch","locations":[{"start":{"line":15,"column":4},"end":{"line":20,"column":5}},{"start":{"line":21,"column":4},"end":{"line":22,"column":33}},{"start":{"line":24,"column":4},"end":{"line":25,"column":45}}],"line":14},"1":{"loc":{"start":{"line":38,"column":4},"end":{"line":41,"column":5}},"type":"if","locations":[{"start":{"line":38,"column":4},"end":{"line":41,"column":5}},{"start":{},"end":{}}],"line":38},"2":{"loc":{"start":{"line":38,"column":8},"end":{"line":38,"column":67}},"type":"binary-expr","locations":[{"start":{"line":38,"column":8},"end":{"line":38,"column":25}},{"start":{"line":38,"column":29},"end":{"line":38,"column":45}},{"start":{"line":38,"column":49},"end":{"line":38,"column":67}}],"line":38}},"s":{"0":0,"1":0,"2":0,"3":0,"4":0,"5":0,"6":0,"7":0,"8":0,"9":0,"10":0,"11":0,"12":0,"13":0,"14":0,"15":0,"16":0,"17":0,"18":0},"f":{"0":0,"1":0,"2":0,"3":0},"b":{"0":[0,0,0],"1":[0,0],"2":[0,0,0]}}
,"/Users/leahputlek/Techtonica/assignments/ai-blog-app/client/src/components/ErrorHandle.jsx": {"path":"/Users/leahputlek/Techtonica/assignments/ai-blog-app/client/src/components/ErrorHandle.jsx","statementMap":{"0":{"start":{"line":2,"column":2},"end":{"line":4,"column":3}}},"fnMap":{"0":{"name":"ErrorHandle","decl":{"start":{"line":1,"column":9},"end":{"line":1,"column":20}},"loc":{"start":{"line":1,"column":24},"end":{"line":5,"column":1}},"line":1}},"branchMap":{},"s":{"0":0},"f":{"0":0},"b":{}}
,"/Users/leahputlek/Techtonica/assignments/ai-blog-app/client/src/components/Home.jsx": {"path":"/Users/leahputlek/Techtonica/assignments/ai-blog-app/client/src/components/Home.jsx","statementMap":{"0":{"start":{"line":2,"column":2},"end":{"line":8,"column":3}}},"fnMap":{"0":{"name":"Home","decl":{"start":{"line":1,"column":9},"end":{"line":1,"column":13}},"loc":{"start":{"line":1,"column":17},"end":{"line":9,"column":1}},"line":1}},"branchMap":{},"s":{"0":1},"f":{"0":1},"b":{},"_coverageSchema":"1a1c01bbd47fc00a2c39e90264f33305004495a9","hash":"26229bb6aba855febbff90f16af60204090c45a2"}
,"/Users/leahputlek/Techtonica/assignments/ai-blog-app/client/src/components/NavBar.jsx": {"path":"/Users/leahputlek/Techtonica/assignments/ai-blog-app/client/src/components/NavBar.jsx","statementMap":{"0":{"start":{"line":4,"column":2},"end":{"line":19,"column":4}}},"fnMap":{"0":{"name":"NavBar","decl":{"start":{"line":3,"column":9},"end":{"line":3,"column":15}},"loc":{"start":{"line":3,"column":18},"end":{"line":20,"column":1}},"line":3}},"branchMap":{},"s":{"0":0},"f":{"0":0},"b":{}}
,"/Users/leahputlek/Techtonica/assignments/ai-blog-app/client/src/components/PostsDisplay.jsx": {"path":"/Users/leahputlek/Techtonica/assignments/ai-blog-app/client/src/components/PostsDisplay.jsx","statementMap":{"0":{"start":{"line":4,"column":19},"end":{"line":4,"column":32}},"1":{"start":{"line":7,"column":23},"end":{"line":12,"column":3}},"2":{"start":{"line":8,"column":4},"end":{"line":8,"column":23}},"3":{"start":{"line":9,"column":4},"end":{"line":11,"column":5}},"4":{"start":{"line":10,"column":6},"end":{"line":10,"column":40}},"5":{"start":{"line":14,"column":25},"end":{"line":14,"column":64}},"6":{"start":{"line":16,"column":2},"end":{"line":49,"column":4}},"7":{"start":{"line":31,"column":10},"end":{"line":43,"column":16}},"8":{"start":{"line":36,"column":16},"end":{"line":36,"column":46}},"9":{"start":{"line":37,"column":16},"end":{"line":37,"column":44}},"10":{"start":{"line":38,"column":16},"end":{"line":38,"column":34}}},"fnMap":{"0":{"name":"PostsDisplay","decl":{"start":{"line":3,"column":9},"end":{"line":3,"column":21}},"loc":{"start":{"line":3,"column":138},"end":{"line":50,"column":1}},"line":3},"1":{"name":"(anonymous_1)","decl":{"start":{"line":7,"column":23},"end":{"line":7,"column":24}},"loc":{"start":{"line":7,"column":36},"end":{"line":12,"column":3}},"line":7},"2":{"name":"(anonymous_2)","decl":{"start":{"line":30,"column":27},"end":{"line":30,"column":28}},"loc":{"start":{"line":31,"column":10},"end":{"line":43,"column":16}},"line":31},"3":{"name":"(anonymous_3)","decl":{"start":{"line":35,"column":23},"end":{"line":35,"column":24}},"loc":{"start":{"line":35,"column":35},"end":{"line":39,"column":15}},"line":35}},"branchMap":{"0":{"loc":{"start":{"line":9,"column":4},"end":{"line":11,"column":5}},"type":"if","locations":[{"start":{"line":9,"column":4},"end":{"line":11,"column":5}},{"start":{},"end":{}}],"line":9},"1":{"loc":{"start":{"line":14,"column":25},"end":{"line":14,"column":64}},"type":"cond-expr","locations":[{"start":{"line":14,"column":46},"end":{"line":14,"column":56}},{"start":{"line":14,"column":59},"end":{"line":14,"column":64}}],"line":14},"2":{"loc":{"start":{"line":29,"column":7},"end":{"line":47,"column":7}},"type":"cond-expr","locations":[{"start":{"line":30,"column":8},"end":{"line":44,"column":10}},{"start":{"line":46,"column":8},"end":{"line":46,"column":29}}],"line":29}},"s":{"0":0,"1":0,"2":0,"3":0,"4":0,"5":0,"6":0,"7":0,"8":0,"9":0,"10":0},"f":{"0":0,"1":0,"2":0,"3":0},"b":{"0":[0,0],"1":[0,0],"2":[0,0]}}
,"/Users/leahputlek/Techtonica/assignments/ai-blog-app/client/src/components/ViewPost.jsx": {"path":"/Users/leahputlek/Techtonica/assignments/ai-blog-app/client/src/components/ViewPost.jsx","statementMap":{"0":{"start":{"line":17,"column":19},"end":{"line":17,"column":32}},"1":{"start":{"line":19,"column":40},"end":{"line":19,"column":52}},"2":{"start":{"line":20,"column":38},"end":{"line":20,"column":53}},"3":{"start":{"line":21,"column":42},"end":{"line":21,"column":56}},"4":{"start":{"line":23,"column":2},"end":{"line":25,"column":3}},"5":{"start":{"line":24,"column":4},"end":{"line":24,"column":11}},"6":{"start":{"line":26,"column":26},"end":{"line":30,"column":3}},"7":{"start":{"line":27,"column":4},"end":{"line":27,"column":26}},"8":{"start":{"line":28,"column":4},"end":{"line":28,"column":33}},"9":{"start":{"line":29,"column":4},"end":{"line":29,"column":24}},"10":{"start":{"line":32,"column":31},"end":{"line":51,"column":3}},"11":{"start":{"line":33,"column":4},"end":{"line":33,"column":30}},"12":{"start":{"line":33,"column":23},"end":{"line":33,"column":30}},"13":{"start":{"line":34,"column":4},"end":{"line":50,"column":5}},"14":{"start":{"line":35,"column":18},"end":{"line":35,"column":49}},"15":{"start":{"line":36,"column":23},"end":{"line":42,"column":8}},"16":{"start":{"line":43,"column":6},"end":{"line":45,"column":7}},"17":{"start":{"line":44,"column":8},"end":{"line":44,"column":41}},"18":{"start":{"line":46,"column":6},"end":{"line":46,"column":40}},"19":{"start":{"line":47,"column":6},"end":{"line":47,"column":27}},"20":{"start":{"line":49,"column":6},"end":{"line":49,"column":25}},"21":{"start":{"line":53,"column":2},"end":{"line":112,"column":11}},"22":{"start":{"line":56,"column":8},"end":{"line":109,"column":14}},"23":{"start":{"line":61,"column":31},"end":{"line":61,"column":52}},"24":{"start":{"line":85,"column":33},"end":{"line":85,"column":63}},"25":{"start":{"line":90,"column":37},"end":{"line":90,"column":57}},"26":{"start":{"line":95,"column":14},"end":{"line":101,"column":15}},"27":{"start":{"line":96,"column":16},"end":{"line":96,"column":40}},"28":{"start":{"line":97,"column":16},"end":{"line":97,"column":35}},"29":{"start":{"line":100,"column":16},"end":{"line":100,"column":58}},"30":{"start":{"line":106,"column":34},"end":{"line":106,"column":59}},"31":{"start":{"line":106,"column":60},"end":{"line":106,"column":79}}},"fnMap":{"0":{"name":"ViewPost","decl":{"start":{"line":16,"column":9},"end":{"line":16,"column":17}},"loc":{"start":{"line":16,"column":82},"end":{"line":113,"column":1}},"line":16},"1":{"name":"(anonymous_1)","decl":{"start":{"line":26,"column":26},"end":{"line":26,"column":27}},"loc":{"start":{"line":26,"column":36},"end":{"line":30,"column":3}},"line":26},"2":{"name":"(anonymous_2)","decl":{"start":{"line":32,"column":31},"end":{"line":32,"column":32}},"loc":{"start":{"line":32,"column":43},"end":{"line":51,"column":3}},"line":32},"3":{"name":"(anonymous_3)","decl":{"start":{"line":55,"column":23},"end":{"line":55,"column":24}},"loc":{"start":{"line":56,"column":8},"end":{"line":109,"column":14}},"line":56},"4":{"name":"(anonymous_4)","decl":{"start":{"line":61,"column":25},"end":{"line":61,"column":26}},"loc":{"start":{"line":61,"column":31},"end":{"line":61,"column":52}},"line":61},"5":{"name":"(anonymous_5)","decl":{"start":{"line":85,"column":26},"end":{"line":85,"column":27}},"loc":{"start":{"line":85,"column":33},"end":{"line":85,"column":63}},"line":85},"6":{"name":"(anonymous_6)","decl":{"start":{"line":90,"column":31},"end":{"line":90,"column":32}},"loc":{"start":{"line":90,"column":37},"end":{"line":90,"column":57}},"line":90},"7":{"name":"(anonymous_7)","decl":{"start":{"line":94,"column":21},"end":{"line":94,"column":22}},"loc":{"start":{"line":94,"column":27},"end":{"line":102,"column":13}},"line":94},"8":{"name":"(anonymous_8)","decl":{"start":{"line":106,"column":27},"end":{"line":106,"column":28}},"loc":{"start":{"line":106,"column":33},"end":{"line":106,"column":80}},"line":106}},"branchMap":{"0":{"loc":{"start":{"line":23,"column":2},"end":{"line":25,"column":3}},"type":"if","locations":[{"start":{"line":23,"column":2},"end":{"line":25,"column":3}},{"start":{},"end":{}}],"line":23},"1":{"loc":{"start":{"line":23,"column":6},"end":{"line":23,"column":46}},"type":"binary-expr","locations":[{"start":{"line":23,"column":6},"end":{"line":23,"column":18}},{"start":{"line":23,"column":22},"end":{"line":23,"column":46}}],"line":23},"2":{"loc":{"start":{"line":33,"column":4},"end":{"line":33,"column":30}},"type":"if","locations":[{"start":{"line":33,"column":4},"end":{"line":33,"column":30}},{"start":{},"end":{}}],"line":33},"3":{"loc":{"start":{"line":43,"column":6},"end":{"line":45,"column":7}},"type":"if","locations":[{"start":{"line":43,"column":6},"end":{"line":45,"column":7}},{"start":{},"end":{}}],"line":43},"4":{"loc":{"start":{"line":53,"column":9},"end":{"line":112,"column":10}},"type":"cond-expr","locations":[{"start":{"line":54,"column":4},"end":{"line":111,"column":10}},{"start":{"line":112,"column":6},"end":{"line":112,"column":10}}],"line":53},"5":{"loc":{"start":{"line":71,"column":20},"end":{"line":71,"column":88}},"type":"cond-expr","locations":[{"start":{"line":71,"column":38},"end":{"line":71,"column":53}},{"start":{"line":71,"column":56},"end":{"line":71,"column":88}}],"line":71},"6":{"loc":{"start":{"line":80,"column":11},"end":{"line":92,"column":11}},"type":"binary-expr","locations":[{"start":{"line":80,"column":11},"end":{"line":80,"column":21}},{"start":{"line":80,"column":25},"end":{"line":80,"column":61}},{"start":{"line":81,"column":12},"end":{"line":91,"column":18}}],"line":80},"7":{"loc":{"start":{"line":95,"column":14},"end":{"line":101,"column":15}},"type":"if","locations":[{"start":{"line":95,"column":14},"end":{"line":101,"column":15}},{"start":{"line":99,"column":21},"end":{"line":101,"column":15}}],"line":95}},"s":{"0":0,"1":0,"2":0,"3":0,"4":0,"5":0,"6":0,"7":0,"8":0,"9":0,"10":0,"11":0,"12":0,"13":0,"14":0,"15":0,"16":0,"17":0,"18":0,"19":0,"20":0,"21":0,"22":0,"23":0,"24":0,"25":0,"26":0,"27":0,"28":0,"29":0,"30":0,"31":0},"f":{"0":0,"1":0,"2":0,"3":0,"4":0,"5":0,"6":0,"7":0,"8":0},"b":{"0":[0,0],"1":[0,0],"2":[0,0],"3":[0,0],"4":[0,0],"5":[0,0],"6":[0,0,0],"7":[0,0]}}
}
